<?xml version="1.0" encoding="UTF-8"?>
<testsuite name="lawnlayer.SampleTest" tests="1" skipped="0" failures="0" errors="0" timestamp="2022-05-22T12:48:16" hostname="Leos-MacBook-Pro.local" time="0.058">
  <properties/>
  <testcase name="simpleTest()" classname="lawnlayer.SampleTest" time="0.058"/>
  <system-out><![CDATA[]]></system-out>
  <system-err><![CDATA[]]></system-err>
</testsuite>
